<?xml version="1.0" encoding="UTF-8"?>
<testng-results ignored="0" total="2" passed="2" failed="0" skipped="0">
  <reporter-output>
  </reporter-output>
  <suite started-at="2024-07-16T10:37:40 IST" name="Default suite" finished-at="2024-07-16T10:38:08 IST" duration-ms="28305">
    <groups>
    </groups>
    <test started-at="2024-07-16T10:37:40 IST" name="Default test" finished-at="2024-07-16T10:38:08 IST" duration-ms="28305">
      <class name="LoginTestCases.LoginLogout_TC_01">
        <test-method is-config="true" signature="launchBrowser()[pri:0, instance:LoginTestCases.LoginLogout_TC_01@f0c8a99]" started-at="2024-07-16T10:37:40 IST" name="launchBrowser" finished-at="2024-07-16T10:37:45 IST" duration-ms="5519" status="PASS">
          <reporter-output>
          </reporter-output>
        </test-method> <!-- launchBrowser -->
        <test-method is-config="true" signature="setUp()[pri:0, instance:LoginTestCases.LoginLogout_TC_01@f0c8a99]" started-at="2024-07-16T10:37:45 IST" name="setUp" finished-at="2024-07-16T10:37:45 IST" duration-ms="53" status="PASS">
          <reporter-output>
          </reporter-output>
        </test-method> <!-- setUp -->
        <test-method signature="testLoginAndLogout(java.lang.String,java.lang.String,java.lang.String)[pri:0, instance:LoginTestCases.LoginLogout_TC_01@f0c8a99]" started-at="2024-07-16T10:37:46 IST" name="testLoginAndLogout" data-provider="Obortechexcelcred" finished-at="2024-07-16T10:37:57 IST" duration-ms="11009" status="PASS">
          <params>
            <param index="0">
              <value>
                <![CDATA[Managerchain]]>
              </value>
            </param>
            <param index="1">
              <value>
                <![CDATA[Test@123]]>
              </value>
            </param>
            <param index="2">
              <value>
                <![CDATA[Z45FeDYYBu]]>
              </value>
            </param>
          </params>
          <reporter-output>
          </reporter-output>
        </test-method> <!-- testLoginAndLogout -->
        <test-method signature="testLoginAndLogout(java.lang.String,java.lang.String,java.lang.String)[pri:0, instance:LoginTestCases.LoginLogout_TC_01@f0c8a99]" started-at="2024-07-16T10:37:57 IST" name="testLoginAndLogout" data-provider="Obortechexcelcred" finished-at="2024-07-16T10:38:07 IST" duration-ms="10271" status="PASS">
          <params>
            <param index="0">
              <value>
                <![CDATA[tamirceo]]>
              </value>
            </param>
            <param index="1">
              <value>
                <![CDATA[Usku@123]]>
              </value>
            </param>
            <param index="2">
              <value>
                <![CDATA[SVReBbCM2X]]>
              </value>
            </param>
          </params>
          <reporter-output>
          </reporter-output>
        </test-method> <!-- testLoginAndLogout -->
        <test-method is-config="true" signature="tearDown()[pri:0, instance:LoginTestCases.LoginLogout_TC_01@f0c8a99]" started-at="2024-07-16T10:38:07 IST" name="tearDown" finished-at="2024-07-16T10:38:08 IST" duration-ms="392" status="PASS">
          <reporter-output>
          </reporter-output>
        </test-method> <!-- tearDown -->
      </class> <!-- LoginTestCases.LoginLogout_TC_01 -->
    </test> <!-- Default test -->
  </suite> <!-- Default suite -->
</testng-results>
